[debug] [2018-05-27T04:32:16.781Z] ----------------------------------------------------------------------
[debug] [2018-05-27T04:32:16.783Z] Command:       C:\Program Files\nodejs\node.exe C:\Users\minas\AppData\Roaming\npm\node_modules\firebase-tools\bin\firebase serve
[debug] [2018-05-27T04:32:16.785Z] CLI Version:   3.18.4
[debug] [2018-05-27T04:32:16.785Z] Platform:      win32
[debug] [2018-05-27T04:32:16.785Z] Node Version:  v8.11.1
[debug] [2018-05-27T04:32:16.785Z] Time:          Sun May 27 2018 13:32:16 GMT+0900 (대한민국 표준시)
[debug] [2018-05-27T04:32:16.785Z] ----------------------------------------------------------------------
[debug] 
[debug] [2018-05-27T04:32:16.794Z] > command requires scopes: ["email","openid","https://www.googleapis.com/auth/cloudplatformprojects.readonly","https://www.googleapis.com/auth/firebase","https://www.googleapis.com/auth/cloud-platform"]
[debug] [2018-05-27T04:32:16.795Z] > authorizing via signed-in user
[debug] [2018-05-27T04:32:16.797Z] > refreshing access token with scopes: ["email","https://www.googleapis.com/auth/cloud-platform","https://www.googleapis.com/auth/cloudplatformprojects.readonly","https://www.googleapis.com/auth/firebase","openid"]
[debug] [2018-05-27T04:32:16.798Z] >>> HTTP REQUEST POST https://www.googleapis.com/oauth2/v3/token  
 { refresh_token: '1/FkNaYXXF_-jRfqC2ZL5e3RBDsEXAfe-EbcrdQtzduCY',
  client_id: '563584335869-fgrhgmd47bqnekij5i8b5pr03ho849e6.apps.googleusercontent.com',
  client_secret: 'j9iVZfS8kkCEFUPaAeJV0sAi',
  grant_type: 'refresh_token',
  scope: 'email https://www.googleapis.com/auth/cloud-platform https://www.googleapis.com/auth/cloudplatformprojects.readonly https://www.googleapis.com/auth/firebase openid' } 
 Sun May 27 2018 13:32:16 GMT+0900 (대한민국 표준시)
[debug] [2018-05-27T04:32:17.094Z] <<< HTTP RESPONSE 200
[debug] [2018-05-27T04:32:17.105Z] >>> HTTP REQUEST GET https://admin.firebase.com/v1/projects/pwatest-404b8  
  
 Sun May 27 2018 13:32:17 GMT+0900 (대한민국 표준시)
[debug] [2018-05-27T04:32:18.082Z] <<< HTTP RESPONSE 200
[debug] [2018-05-27T04:32:18.084Z] >>> HTTP REQUEST GET https://admin.firebase.com/v1/database/pwatest-404b8/tokens  
  
 Sun May 27 2018 13:32:18 GMT+0900 (대한민국 표준시)
[debug] [2018-05-27T04:32:18.961Z] <<< HTTP RESPONSE 200
[debug] [2018-05-27T04:32:18.963Z] >>> HTTP REQUEST GET https://cloudresourcemanager.googleapis.com/v1/projects/pwatest-404b8  
  
 Sun May 27 2018 13:32:18 GMT+0900 (대한민국 표준시)
[debug] [2018-05-27T04:32:19.895Z] <<< HTTP RESPONSE 200
[info] 
[info] === Serving from 'C:\pwa\workPlace\simplePwa'...
[info] 
[debug] [2018-05-27T04:32:19.904Z] >>> HTTP REQUEST GET https://mobilesdk-pa.googleapis.com/v1/projects/524363908473/clients/_:getWebAppConfig  
  
 Sun May 27 2018 13:32:19 GMT+0900 (대한민국 표준시)
[debug] [2018-05-27T04:32:20.768Z] <<< HTTP RESPONSE 200
[info] i  hosting: Serving hosting files from: /
[info] +  hosting: Local server: http://localhost:5000

